FORWARD_CHAIN req=32 -> candidate=req30 chain_day=3
COMMIT req=32 type=1 delivery=1 pickup=3
COMMIT req=30 type=1 delivery=3 pickup=6 chained_from=req32
BACKWARDS_EXTEND req=188 onto pool day=3 type=1
COMMIT req=188 type=1 delivery=3 pickup=5 chained_from=req32
BACKWARDS_EXTEND req=428 onto pool day=6 type=1
COMMIT req=428 type=1 delivery=6 pickup=9 chained_from=req30
BACKWARDS_EXTEND req=93 onto pool day=6 type=1
COMMIT req=93 type=1 delivery=6 pickup=7 chained_from=req30
BACKWARDS_EXTEND req=233 onto pool day=5 type=1
COMMIT req=233 type=1 delivery=5 pickup=6 chained_from=req188
BACKWARDS_EXTEND req=83 onto pool day=9 type=1
COMMIT req=83 type=1 delivery=9 pickup=12 chained_from=req428
BACKWARDS_EXTEND req=145 onto pool day=6 type=1
COMMIT req=145 type=1 delivery=6 pickup=9 chained_from=req30
BACKWARDS_EXTEND req=464 onto pool day=5 type=1
COMMIT req=464 type=1 delivery=5 pickup=6 chained_from=req188
BACKWARDS_EXTEND req=309 onto pool day=9 type=1
COMMIT req=309 type=1 delivery=9 pickup=11 chained_from=req428
BACKWARDS_EXTEND req=304 onto pool day=7 type=1
COMMIT req=304 type=1 delivery=7 pickup=9 chained_from=req93
BACKWARDS_EXTEND req=25 onto pool day=12 type=1
COMMIT req=25 type=1 delivery=12 pickup=15 chained_from=req83
BACKWARDS_EXTEND req=208 onto pool day=6 type=1
COMMIT req=208 type=1 delivery=6 pickup=9 chained_from=req30
BACKWARDS_EXTEND req=141 onto pool day=5 type=1
COMMIT req=141 type=1 delivery=5 pickup=7 chained_from=req188
BACKWARDS_EXTEND req=126 onto pool day=9 type=1
COMMIT req=126 type=1 delivery=9 pickup=10 chained_from=req428
BACKWARDS_EXTEND req=404 onto pool day=7 type=1
COMMIT req=404 type=1 delivery=7 pickup=9 chained_from=req93
BACKWARDS_EXTEND req=159 onto pool day=12 type=1
COMMIT req=159 type=1 delivery=12 pickup=13 chained_from=req83
BACKWARDS_EXTEND req=131 onto pool day=11 type=1
COMMIT req=131 type=1 delivery=11 pickup=13 chained_from=req309
BACKWARDS_EXTEND req=90 onto pool day=15 type=1
COMMIT req=90 type=1 delivery=15 pickup=16 chained_from=req25
BACKWARDS_EXTEND req=328 onto pool day=6 type=1
COMMIT req=328 type=1 delivery=6 pickup=7 chained_from=req30
BACKWARDS_EXTEND req=134 onto pool day=9 type=1
COMMIT req=134 type=1 delivery=9 pickup=11 chained_from=req428
BACKWARDS_EXTEND req=346 onto pool day=7 type=1
COMMIT req=346 type=1 delivery=7 pickup=9 chained_from=req93
BACKWARDS_EXTEND req=322 onto pool day=12 type=1
COMMIT req=322 type=1 delivery=12 pickup=13 chained_from=req83
BACKWARDS_EXTEND req=305 onto pool day=11 type=1
COMMIT req=305 type=1 delivery=11 pickup=13 chained_from=req309
BACKWARDS_EXTEND req=185 onto pool day=15 type=1
COMMIT req=185 type=1 delivery=15 pickup=17 chained_from=req25
BACKWARDS_EXTEND req=190 onto pool day=10 type=1
COMMIT req=190 type=1 delivery=10 pickup=12 chained_from=req126
BACKWARDS_EXTEND req=108 onto pool day=13 type=1
COMMIT req=108 type=1 delivery=13 pickup=16 chained_from=req159
BACKWARDS_EXTEND req=298 onto pool day=16 type=1
COMMIT req=298 type=1 delivery=16 pickup=19 chained_from=req90
BACKWARDS_EXTEND req=38 onto pool day=6 type=1
COMMIT req=38 type=1 delivery=6 pickup=8 chained_from=req30
BACKWARDS_EXTEND req=423 onto pool day=9 type=1
COMMIT req=423 type=1 delivery=9 pickup=12 chained_from=req428
BACKWARDS_EXTEND req=257 onto pool day=7 type=1
COMMIT req=257 type=1 delivery=7 pickup=10 chained_from=req93
BACKWARDS_EXTEND req=246 onto pool day=12 type=1
COMMIT req=246 type=1 delivery=12 pickup=15 chained_from=req83
BACKWARDS_EXTEND req=85 onto pool day=11 type=1
COMMIT req=85 type=1 delivery=11 pickup=12 chained_from=req309
BACKWARDS_EXTEND req=330 onto pool day=15 type=1
COMMIT req=330 type=1 delivery=15 pickup=17 chained_from=req25
BACKWARDS_EXTEND req=417 onto pool day=10 type=1
COMMIT req=417 type=1 delivery=10 pickup=11 chained_from=req126
BACKWARDS_EXTEND req=11 onto pool day=13 type=1
COMMIT req=11 type=1 delivery=13 pickup=16 chained_from=req159
BACKWARDS_EXTEND req=1 onto pool day=16 type=1
COMMIT req=1 type=1 delivery=16 pickup=18 chained_from=req90
BACKWARDS_EXTEND req=174 onto pool day=17 type=1
COMMIT req=174 type=1 delivery=17 pickup=20 chained_from=req185
BACKWARDS_EXTEND req=95 onto pool day=19 type=1
COMMIT req=95 type=1 delivery=19 pickup=20 chained_from=req298
BACKWARDS_EXTEND req=80 onto pool day=6 type=1
COMMIT req=80 type=1 delivery=6 pickup=7 chained_from=req30
BACKWARDS_EXTEND req=481 onto pool day=9 type=1
COMMIT req=481 type=1 delivery=9 pickup=10 chained_from=req428
BACKWARDS_EXTEND req=157 onto pool day=7 type=1
COMMIT req=157 type=1 delivery=7 pickup=8 chained_from=req93
BACKWARDS_EXTEND req=319 onto pool day=12 type=1
COMMIT req=319 type=1 delivery=12 pickup=13 chained_from=req83
BACKWARDS_EXTEND req=301 onto pool day=11 type=1
COMMIT req=301 type=1 delivery=11 pickup=13 chained_from=req309
BACKWARDS_EXTEND req=99 onto pool day=15 type=1
COMMIT req=99 type=1 delivery=15 pickup=17 chained_from=req25
BACKWARDS_EXTEND req=19 onto pool day=10 type=1
COMMIT req=19 type=1 delivery=10 pickup=11 chained_from=req126
BACKWARDS_EXTEND req=286 onto pool day=13 type=1
COMMIT req=286 type=1 delivery=13 pickup=16 chained_from=req159
BACKWARDS_EXTEND req=143 onto pool day=16 type=1
COMMIT req=143 type=1 delivery=16 pickup=17 chained_from=req90
BACKWARDS_EXTEND req=77 onto pool day=17 type=1
COMMIT req=77 type=1 delivery=17 pickup=20 chained_from=req185
BACKWARDS_EXTEND req=124 onto pool day=19 type=1
COMMIT req=124 type=1 delivery=19 pickup=22 chained_from=req298
BACKWARDS_EXTEND req=167 onto pool day=8 type=1
COMMIT req=167 type=1 delivery=8 pickup=11 chained_from=req38
BACKWARDS_EXTEND req=2 onto pool day=18 type=1
COMMIT req=2 type=1 delivery=18 pickup=19 chained_from=req1
BACKWARDS_EXTEND req=5 onto pool day=20 type=1
COMMIT req=5 type=1 delivery=20 pickup=23 chained_from=req174
BACKWARDS_EXTEND req=204 onto pool day=6 type=1
COMMIT req=204 type=1 delivery=6 pickup=9 chained_from=req30
BACKWARDS_EXTEND req=244 onto pool day=9 type=1
COMMIT req=244 type=1 delivery=9 pickup=12 chained_from=req428
BACKWARDS_EXTEND req=179 onto pool day=7 type=1
COMMIT req=179 type=1 delivery=7 pickup=10 chained_from=req93
BACKWARDS_EXTEND req=388 onto pool day=12 type=1
COMMIT req=388 type=1 delivery=12 pickup=15 chained_from=req83
BACKWARDS_EXTEND req=409 onto pool day=11 type=1
COMMIT req=409 type=1 delivery=11 pickup=14 chained_from=req309
BACKWARDS_EXTEND req=224 onto pool day=15 type=1
COMMIT req=224 type=1 delivery=15 pickup=18 chained_from=req25
BACKWARDS_EXTEND req=313 onto pool day=10 type=1
COMMIT req=313 type=1 delivery=10 pickup=13 chained_from=req126
BACKWARDS_EXTEND req=292 onto pool day=13 type=1
COMMIT req=292 type=1 delivery=13 pickup=16 chained_from=req159
BACKWARDS_EXTEND req=147 onto pool day=16 type=1
COMMIT req=147 type=1 delivery=16 pickup=18 chained_from=req90
BACKWARDS_EXTEND req=228 onto pool day=17 type=1
COMMIT req=228 type=1 delivery=17 pickup=20 chained_from=req185
BACKWARDS_EXTEND req=27 onto pool day=19 type=1
COMMIT req=27 type=1 delivery=19 pickup=20 chained_from=req298
BACKWARDS_EXTEND req=350 onto pool day=8 type=1
COMMIT req=350 type=1 delivery=8 pickup=10 chained_from=req38
BACKWARDS_EXTEND req=45 onto pool day=18 type=1
COMMIT req=45 type=1 delivery=18 pickup=20 chained_from=req1
BACKWARDS_EXTEND req=118 onto pool day=20 type=1
COMMIT req=118 type=1 delivery=20 pickup=23 chained_from=req174
BACKWARDS_EXTEND req=121 onto pool day=22 type=1
COMMIT req=121 type=1 delivery=22 pickup=25 chained_from=req124
BACKWARDS_EXTEND req=34 onto pool day=23 type=1
COMMIT req=34 type=1 delivery=23 pickup=25 chained_from=req5
BACKWARDS_EXTEND req=354 onto pool day=6 type=1
COMMIT req=354 type=1 delivery=6 pickup=8 chained_from=req30
BACKWARDS_EXTEND req=486 onto pool day=9 type=1
COMMIT req=486 type=1 delivery=9 pickup=12 chained_from=req428
BACKWARDS_EXTEND req=360 onto pool day=7 type=1
COMMIT req=360 type=1 delivery=7 pickup=10 chained_from=req93
BACKWARDS_EXTEND req=479 onto pool day=12 type=1
COMMIT req=479 type=1 delivery=12 pickup=15 chained_from=req83
BACKWARDS_EXTEND req=414 onto pool day=11 type=1
COMMIT req=414 type=1 delivery=11 pickup=13 chained_from=req309
BACKWARDS_EXTEND req=348 onto pool day=15 type=1
COMMIT req=348 type=1 delivery=15 pickup=16 chained_from=req25
BACKWARDS_EXTEND req=500 onto pool day=10 type=1
COMMIT req=500 type=1 delivery=10 pickup=12 chained_from=req126
BACKWARDS_EXTEND req=435 onto pool day=13 type=1
COMMIT req=435 type=1 delivery=13 pickup=15 chained_from=req159
BACKWARDS_EXTEND req=264 onto pool day=16 type=1
COMMIT req=264 type=1 delivery=16 pickup=17 chained_from=req90
BACKWARDS_EXTEND req=252 onto pool day=17 type=1
COMMIT req=252 type=1 delivery=17 pickup=18 chained_from=req185
BACKWARDS_EXTEND req=166 onto pool day=19 type=1
COMMIT req=166 type=1 delivery=19 pickup=22 chained_from=req298
BACKWARDS_EXTEND req=375 onto pool day=8 type=1
COMMIT req=375 type=1 delivery=8 pickup=10 chained_from=req38
BACKWARDS_EXTEND req=144 onto pool day=18 type=1
COMMIT req=144 type=1 delivery=18 pickup=21 chained_from=req1
BACKWARDS_EXTEND req=152 onto pool day=20 type=1
COMMIT req=152 type=1 delivery=20 pickup=21 chained_from=req174
BACKWARDS_EXTEND req=146 onto pool day=22 type=1
COMMIT req=146 type=1 delivery=22 pickup=24 chained_from=req124
BACKWARDS_EXTEND req=139 onto pool day=23 type=1
COMMIT req=139 type=1 delivery=23 pickup=24 chained_from=req5
BACKWARDS_EXTEND req=75 onto pool day=14 type=1
COMMIT req=75 type=1 delivery=14 pickup=17 chained_from=req409
BACKWARDS_EXTEND req=390 onto pool day=6 type=1
COMMIT req=390 type=1 delivery=6 pickup=7 chained_from=req30
BACKWARDS_EXTEND req=465 onto pool day=9 type=1
COMMIT req=465 type=1 delivery=9 pickup=11 chained_from=req428
BACKWARDS_EXTEND req=425 onto pool day=7 type=1
COMMIT req=425 type=1 delivery=7 pickup=8 chained_from=req93
BACKWARDS_EXTEND req=450 onto pool day=12 type=1
COMMIT req=450 type=1 delivery=12 pickup=14 chained_from=req83
BACKWARDS_EXTEND req=221 onto pool day=11 type=1
COMMIT req=221 type=1 delivery=11 pickup=13 chained_from=req309
BACKWARDS_EXTEND req=349 onto pool day=15 type=1
COMMIT req=349 type=1 delivery=15 pickup=17 chained_from=req25
BACKWARDS_EXTEND req=487 onto pool day=13 type=1
COMMIT req=487 type=1 delivery=13 pickup=14 chained_from=req159
BACKWARDS_EXTEND req=331 onto pool day=16 type=1
COMMIT req=331 type=1 delivery=16 pickup=19 chained_from=req90
BACKWARDS_EXTEND req=359 onto pool day=17 type=1
COMMIT req=359 type=1 delivery=17 pickup=20 chained_from=req185
BACKWARDS_EXTEND req=155 onto pool day=19 type=1
COMMIT req=155 type=1 delivery=19 pickup=22 chained_from=req298
BACKWARDS_EXTEND req=498 onto pool day=8 type=1
COMMIT req=498 type=1 delivery=8 pickup=11 chained_from=req38
BACKWARDS_EXTEND req=334 onto pool day=18 type=1
COMMIT req=334 type=1 delivery=18 pickup=20 chained_from=req1
BACKWARDS_EXTEND req=154 onto pool day=20 type=1
COMMIT req=154 type=1 delivery=20 pickup=22 chained_from=req174
BACKWARDS_EXTEND req=119 onto pool day=22 type=1
COMMIT req=119 type=1 delivery=22 pickup=24 chained_from=req124
BACKWARDS_EXTEND req=374 onto pool day=23 type=1
COMMIT req=374 type=1 delivery=23 pickup=25 chained_from=req5
BACKWARDS_EXTEND req=87 onto pool day=14 type=1
COMMIT req=87 type=1 delivery=14 pickup=15 chained_from=req409
BACKWARDS_EXTEND req=55 onto pool day=21 type=1
COMMIT req=55 type=1 delivery=21 pickup=23 chained_from=req144
BACKWARDS_EXTEND req=237 onto pool day=24 type=1
COMMIT req=237 type=1 delivery=24 pickup=25 chained_from=req146
BACKWARDS_EXTEND req=494 onto pool day=12 type=1
COMMIT req=494 type=1 delivery=12 pickup=14 chained_from=req83
BACKWARDS_EXTEND req=223 onto pool day=11 type=1
COMMIT req=223 type=1 delivery=11 pickup=13 chained_from=req309
BACKWARDS_EXTEND req=429 onto pool day=15 type=1
COMMIT req=429 type=1 delivery=15 pickup=18 chained_from=req25
BACKWARDS_EXTEND req=207 onto pool day=13 type=1
COMMIT req=207 type=1 delivery=13 pickup=16 chained_from=req159
BACKWARDS_EXTEND req=358 onto pool day=16 type=1
COMMIT req=358 type=1 delivery=16 pickup=17 chained_from=req90
BACKWARDS_EXTEND req=482 onto pool day=17 type=1
COMMIT req=482 type=1 delivery=17 pickup=20 chained_from=req185
BACKWARDS_EXTEND req=58 onto pool day=19 type=1
COMMIT req=58 type=1 delivery=19 pickup=20 chained_from=req298
BACKWARDS_EXTEND req=384 onto pool day=18 type=1
COMMIT req=384 type=1 delivery=18 pickup=19 chained_from=req1
BACKWARDS_EXTEND req=198 onto pool day=20 type=1
COMMIT req=198 type=1 delivery=20 pickup=23 chained_from=req174
BACKWARDS_EXTEND req=120 onto pool day=22 type=1
COMMIT req=120 type=1 delivery=22 pickup=25 chained_from=req124
BACKWARDS_EXTEND req=437 onto pool day=23 type=1
COMMIT req=437 type=1 delivery=23 pickup=25 chained_from=req5
BACKWARDS_EXTEND req=234 onto pool day=14 type=1
COMMIT req=234 type=1 delivery=14 pickup=15 chained_from=req409
BACKWARDS_EXTEND req=133 onto pool day=21 type=1
COMMIT req=133 type=1 delivery=21 pickup=24 chained_from=req144
BACKWARDS_EXTEND req=456 onto pool day=24 type=1
COMMIT req=456 type=1 delivery=24 pickup=25 chained_from=req146
BACKWARDS_EXTEND req=289 onto pool day=12 type=1
COMMIT req=289 type=1 delivery=12 pickup=15 chained_from=req83
BACKWARDS_EXTEND req=377 onto pool day=11 type=1
COMMIT req=377 type=1 delivery=11 pickup=14 chained_from=req309
BACKWARDS_EXTEND req=407 onto pool day=15 type=1
COMMIT req=407 type=1 delivery=15 pickup=17 chained_from=req25
BACKWARDS_EXTEND req=293 onto pool day=13 type=1
COMMIT req=293 type=1 delivery=13 pickup=16 chained_from=req159
BACKWARDS_EXTEND req=455 onto pool day=16 type=1
COMMIT req=455 type=1 delivery=16 pickup=17 chained_from=req90
BACKWARDS_EXTEND req=466 onto pool day=17 type=1
COMMIT req=466 type=1 delivery=17 pickup=20 chained_from=req185
BACKWARDS_EXTEND req=128 onto pool day=19 type=1
COMMIT req=128 type=1 delivery=19 pickup=22 chained_from=req298
BACKWARDS_EXTEND req=497 onto pool day=18 type=1
COMMIT req=497 type=1 delivery=18 pickup=21 chained_from=req1
BACKWARDS_EXTEND req=287 onto pool day=20 type=1
COMMIT req=287 type=1 delivery=20 pickup=22 chained_from=req174
BACKWARDS_EXTEND req=323 onto pool day=22 type=1
COMMIT req=323 type=1 delivery=22 pickup=25 chained_from=req124
BACKWARDS_EXTEND req=448 onto pool day=23 type=1
COMMIT req=448 type=1 delivery=23 pickup=25 chained_from=req5
BACKWARDS_EXTEND req=393 onto pool day=14 type=1
COMMIT req=393 type=1 delivery=14 pickup=15 chained_from=req409
BACKWARDS_EXTEND req=150 onto pool day=21 type=1
COMMIT req=150 type=1 delivery=21 pickup=22 chained_from=req144
BACKWARDS_EXTEND req=397 onto pool day=12 type=1
COMMIT req=397 type=1 delivery=12 pickup=15 chained_from=req83
BACKWARDS_EXTEND req=332 onto pool day=19 type=1
COMMIT req=332 type=1 delivery=19 pickup=22 chained_from=req298
BACKWARDS_EXTEND req=351 onto pool day=20 type=1
COMMIT req=351 type=1 delivery=20 pickup=23 chained_from=req174
BACKWARDS_EXTEND req=338 onto pool day=22 type=1
COMMIT req=338 type=1 delivery=22 pickup=23 chained_from=req124
BACKWARDS_EXTEND req=171 onto pool day=21 type=1
COMMIT req=171 type=1 delivery=21 pickup=22 chained_from=req144
BACKWARDS_EXTEND req=438 onto pool day=19 type=1
COMMIT req=438 type=1 delivery=19 pickup=22 chained_from=req298
BACKWARDS_EXTEND req=318 onto pool day=20 type=1
COMMIT req=318 type=1 delivery=20 pickup=23 chained_from=req174
BACKWARDS_EXTEND req=453 onto pool day=22 type=1
COMMIT req=453 type=1 delivery=22 pickup=25 chained_from=req124
BACKWARDS_EXTEND req=490 onto pool day=21 type=1
COMMIT req=490 type=1 delivery=21 pickup=24 chained_from=req144
FORWARD_CHAIN req=82 -> candidate=req49 chain_day=3
COMMIT req=82 type=1 delivery=1 pickup=3
COMMIT req=49 type=1 delivery=3 pickup=6 chained_from=req82
BACKWARDS_EXTEND req=91 onto pool day=3 type=1
COMMIT req=91 type=1 delivery=3 pickup=4 chained_from=req32
BACKWARDS_EXTEND req=493 onto pool day=3 type=1
COMMIT req=493 type=1 delivery=3 pickup=4 chained_from=req32
BACKWARDS_EXTEND req=53 onto pool day=4 type=1
COMMIT req=53 type=1 delivery=4 pickup=5 chained_from=req91
BACKWARDS_EXTEND req=67 onto pool day=3 type=1
COMMIT req=67 type=1 delivery=3 pickup=4 chained_from=req32
BACKWARDS_EXTEND req=59 onto pool day=5 type=1
COMMIT req=59 type=1 delivery=5 pickup=6 chained_from=req188
BACKWARDS_EXTEND req=84 onto pool day=4 type=1
COMMIT req=84 type=1 delivery=4 pickup=7 chained_from=req91
BACKWARDS_EXTEND req=162 onto pool day=3 type=1
COMMIT req=162 type=1 delivery=3 pickup=6 chained_from=req32
BACKWARDS_EXTEND req=102 onto pool day=5 type=1
COMMIT req=102 type=1 delivery=5 pickup=6 chained_from=req188
BACKWARDS_EXTEND req=240 onto pool day=4 type=1
COMMIT req=240 type=1 delivery=4 pickup=5 chained_from=req91
BACKWARDS_EXTEND req=422 onto pool day=3 type=1
COMMIT req=422 type=1 delivery=3 pickup=4 chained_from=req32
BACKWARDS_EXTEND req=269 onto pool day=5 type=1
COMMIT req=269 type=1 delivery=5 pickup=8 chained_from=req188
BACKWARDS_EXTEND req=279 onto pool day=4 type=1
COMMIT req=279 type=1 delivery=4 pickup=6 chained_from=req91
BACKWARDS_EXTEND req=394 onto pool day=3 type=1
COMMIT req=394 type=1 delivery=3 pickup=5 chained_from=req32
FALLBACK req=161 type=1 delivery=1
COMMIT req=161 type=1 delivery=1 pickup=2
FALLBACK req=225 type=1 delivery=1
COMMIT req=225 type=1 delivery=1 pickup=3
FORWARD_CHAIN req=110 -> candidate=req37 chain_day=4
COMMIT req=110 type=2 delivery=1 pickup=4
COMMIT req=37 type=2 delivery=4 pickup=6 chained_from=req110
BACKWARDS_EXTEND req=342 onto pool day=4 type=2
COMMIT req=342 type=2 delivery=4 pickup=5 chained_from=req110
BACKWARDS_EXTEND req=41 onto pool day=6 type=2
COMMIT req=41 type=2 delivery=6 pickup=8 chained_from=req37
BACKWARDS_EXTEND req=43 onto pool day=4 type=2
COMMIT req=43 type=2 delivery=4 pickup=5 chained_from=req110
BACKWARDS_EXTEND req=89 onto pool day=6 type=2
COMMIT req=89 type=2 delivery=6 pickup=9 chained_from=req37
BACKWARDS_EXTEND req=333 onto pool day=5 type=2
COMMIT req=333 type=2 delivery=5 pickup=6 chained_from=req342
BACKWARDS_EXTEND req=214 onto pool day=8 type=2
COMMIT req=214 type=2 delivery=8 pickup=11 chained_from=req41
BACKWARDS_EXTEND req=403 onto pool day=4 type=2
COMMIT req=403 type=2 delivery=4 pickup=5 chained_from=req110
BACKWARDS_EXTEND req=63 onto pool day=6 type=2
COMMIT req=63 type=2 delivery=6 pickup=8 chained_from=req37
BACKWARDS_EXTEND req=29 onto pool day=5 type=2
COMMIT req=29 type=2 delivery=5 pickup=8 chained_from=req342
BACKWARDS_EXTEND req=413 onto pool day=8 type=2
COMMIT req=413 type=2 delivery=8 pickup=11 chained_from=req41
BACKWARDS_EXTEND req=227 onto pool day=9 type=2
COMMIT req=227 type=2 delivery=9 pickup=11 chained_from=req89
BACKWARDS_EXTEND req=148 onto pool day=11 type=2
COMMIT req=148 type=2 delivery=11 pickup=13 chained_from=req214
BACKWARDS_EXTEND req=194 onto pool day=4 type=2
COMMIT req=194 type=2 delivery=4 pickup=6 chained_from=req110
BACKWARDS_EXTEND req=116 onto pool day=6 type=2
COMMIT req=116 type=2 delivery=6 pickup=9 chained_from=req37
BACKWARDS_EXTEND req=64 onto pool day=5 type=2
COMMIT req=64 type=2 delivery=5 pickup=8 chained_from=req342
BACKWARDS_EXTEND req=3 onto pool day=8 type=2
COMMIT req=3 type=2 delivery=8 pickup=11 chained_from=req41
BACKWARDS_EXTEND req=364 onto pool day=9 type=2
COMMIT req=364 type=2 delivery=9 pickup=12 chained_from=req89
BACKWARDS_EXTEND req=10 onto pool day=11 type=2
COMMIT req=10 type=2 delivery=11 pickup=14 chained_from=req214
BACKWARDS_EXTEND req=86 onto pool day=13 type=2
COMMIT req=86 type=2 delivery=13 pickup=14 chained_from=req148
BACKWARDS_EXTEND req=454 onto pool day=4 type=2
COMMIT req=454 type=2 delivery=4 pickup=6 chained_from=req110
BACKWARDS_EXTEND req=160 onto pool day=6 type=2
COMMIT req=160 type=2 delivery=6 pickup=9 chained_from=req37
BACKWARDS_EXTEND req=142 onto pool day=5 type=2
COMMIT req=142 type=2 delivery=5 pickup=8 chained_from=req342
BACKWARDS_EXTEND req=13 onto pool day=8 type=2
COMMIT req=13 type=2 delivery=8 pickup=9 chained_from=req41
BACKWARDS_EXTEND req=33 onto pool day=9 type=2
COMMIT req=33 type=2 delivery=9 pickup=10 chained_from=req89
BACKWARDS_EXTEND req=50 onto pool day=11 type=2
COMMIT req=50 type=2 delivery=11 pickup=14 chained_from=req214
BACKWARDS_EXTEND req=158 onto pool day=13 type=2
COMMIT req=158 type=2 delivery=13 pickup=14 chained_from=req148
BACKWARDS_EXTEND req=213 onto pool day=12 type=2
COMMIT req=213 type=2 delivery=12 pickup=13 chained_from=req364
BACKWARDS_EXTEND req=23 onto pool day=14 type=2
COMMIT req=23 type=2 delivery=14 pickup=16 chained_from=req10
BACKWARDS_EXTEND req=211 onto pool day=6 type=2
COMMIT req=211 type=2 delivery=6 pickup=8 chained_from=req37
BACKWARDS_EXTEND req=256 onto pool day=5 type=2
COMMIT req=256 type=2 delivery=5 pickup=6 chained_from=req342
BACKWARDS_EXTEND req=24 onto pool day=8 type=2
COMMIT req=24 type=2 delivery=8 pickup=10 chained_from=req41
BACKWARDS_EXTEND req=115 onto pool day=9 type=2
COMMIT req=115 type=2 delivery=9 pickup=10 chained_from=req89
BACKWARDS_EXTEND req=172 onto pool day=11 type=2
COMMIT req=172 type=2 delivery=11 pickup=14 chained_from=req214
BACKWARDS_EXTEND req=105 onto pool day=13 type=2
COMMIT req=105 type=2 delivery=13 pickup=15 chained_from=req148
BACKWARDS_EXTEND req=329 onto pool day=12 type=2
COMMIT req=329 type=2 delivery=12 pickup=14 chained_from=req364
BACKWARDS_EXTEND req=92 onto pool day=14 type=2
COMMIT req=92 type=2 delivery=14 pickup=15 chained_from=req10
BACKWARDS_EXTEND req=18 onto pool day=10 type=2
COMMIT req=18 type=2 delivery=10 pickup=13 chained_from=req33
BACKWARDS_EXTEND req=106 onto pool day=16 type=2
COMMIT req=106 type=2 delivery=16 pickup=18 chained_from=req23
BACKWARDS_EXTEND req=217 onto pool day=6 type=2
COMMIT req=217 type=2 delivery=6 pickup=7 chained_from=req37
BACKWARDS_EXTEND req=277 onto pool day=5 type=2
COMMIT req=277 type=2 delivery=5 pickup=7 chained_from=req342
BACKWARDS_EXTEND req=28 onto pool day=8 type=2
COMMIT req=28 type=2 delivery=8 pickup=9 chained_from=req41
BACKWARDS_EXTEND req=291 onto pool day=9 type=2
COMMIT req=291 type=2 delivery=9 pickup=10 chained_from=req89
BACKWARDS_EXTEND req=281 onto pool day=11 type=2
COMMIT req=281 type=2 delivery=11 pickup=12 chained_from=req214
BACKWARDS_EXTEND req=165 onto pool day=13 type=2
COMMIT req=165 type=2 delivery=13 pickup=14 chained_from=req148
BACKWARDS_EXTEND req=457 onto pool day=12 type=2
COMMIT req=457 type=2 delivery=12 pickup=14 chained_from=req364
BACKWARDS_EXTEND req=125 onto pool day=14 type=2
COMMIT req=125 type=2 delivery=14 pickup=15 chained_from=req10
BACKWARDS_EXTEND req=51 onto pool day=10 type=2
COMMIT req=51 type=2 delivery=10 pickup=13 chained_from=req33
BACKWARDS_EXTEND req=340 onto pool day=16 type=2
COMMIT req=340 type=2 delivery=16 pickup=17 chained_from=req23
BACKWARDS_EXTEND req=46 onto pool day=15 type=2
COMMIT req=46 type=2 delivery=15 pickup=18 chained_from=req105
BACKWARDS_EXTEND req=184 onto pool day=18 type=2
COMMIT req=184 type=2 delivery=18 pickup=20 chained_from=req106
BACKWARDS_EXTEND req=250 onto pool day=6 type=2
COMMIT req=250 type=2 delivery=6 pickup=7 chained_from=req37
BACKWARDS_EXTEND req=311 onto pool day=5 type=2
COMMIT req=311 type=2 delivery=5 pickup=6 chained_from=req342
BACKWARDS_EXTEND req=94 onto pool day=8 type=2
COMMIT req=94 type=2 delivery=8 pickup=11 chained_from=req41
BACKWARDS_EXTEND req=314 onto pool day=9 type=2
COMMIT req=314 type=2 delivery=9 pickup=12 chained_from=req89
BACKWARDS_EXTEND req=316 onto pool day=11 type=2
COMMIT req=316 type=2 delivery=11 pickup=14 chained_from=req214
BACKWARDS_EXTEND req=242 onto pool day=13 type=2
COMMIT req=242 type=2 delivery=13 pickup=15 chained_from=req148
BACKWARDS_EXTEND req=249 onto pool day=12 type=2
COMMIT req=249 type=2 delivery=12 pickup=15 chained_from=req364
BACKWARDS_EXTEND req=183 onto pool day=14 type=2
COMMIT req=183 type=2 delivery=14 pickup=16 chained_from=req10
BACKWARDS_EXTEND req=100 onto pool day=10 type=2
COMMIT req=100 type=2 delivery=10 pickup=11 chained_from=req33
BACKWARDS_EXTEND req=419 onto pool day=16 type=2
COMMIT req=419 type=2 delivery=16 pickup=17 chained_from=req23
BACKWARDS_EXTEND req=97 onto pool day=15 type=2
COMMIT req=97 type=2 delivery=15 pickup=17 chained_from=req105
BACKWARDS_EXTEND req=176 onto pool day=18 type=2
COMMIT req=176 type=2 delivery=18 pickup=20 chained_from=req106
BACKWARDS_EXTEND req=15 onto pool day=7 type=2
COMMIT req=15 type=2 delivery=7 pickup=9 chained_from=req217
BACKWARDS_EXTEND req=444 onto pool day=17 type=2
COMMIT req=444 type=2 delivery=17 pickup=20 chained_from=req340
BACKWARDS_EXTEND req=31 onto pool day=20 type=2
COMMIT req=31 type=2 delivery=20 pickup=21 chained_from=req184
BACKWARDS_EXTEND req=343 onto pool day=6 type=2
COMMIT req=343 type=2 delivery=6 pickup=9 chained_from=req37
BACKWARDS_EXTEND req=396 onto pool day=5 type=2
COMMIT req=396 type=2 delivery=5 pickup=8 chained_from=req342
BACKWARDS_EXTEND req=173 onto pool day=8 type=2
COMMIT req=173 type=2 delivery=8 pickup=10 chained_from=req41
BACKWARDS_EXTEND req=389 onto pool day=9 type=2
COMMIT req=389 type=2 delivery=9 pickup=12 chained_from=req89
BACKWARDS_EXTEND req=326 onto pool day=11 type=2
COMMIT req=326 type=2 delivery=11 pickup=13 chained_from=req214
BACKWARDS_EXTEND req=324 onto pool day=13 type=2
COMMIT req=324 type=2 delivery=13 pickup=16 chained_from=req148
BACKWARDS_EXTEND req=140 onto pool day=12 type=2
COMMIT req=140 type=2 delivery=12 pickup=14 chained_from=req364
BACKWARDS_EXTEND req=191 onto pool day=14 type=2
COMMIT req=191 type=2 delivery=14 pickup=17 chained_from=req10
BACKWARDS_EXTEND req=474 onto pool day=10 type=2
COMMIT req=474 type=2 delivery=10 pickup=11 chained_from=req33
BACKWARDS_EXTEND req=54 onto pool day=16 type=2
COMMIT req=54 type=2 delivery=16 pickup=18 chained_from=req23
BACKWARDS_EXTEND req=248 onto pool day=15 type=2
COMMIT req=248 type=2 delivery=15 pickup=16 chained_from=req105
BACKWARDS_EXTEND req=219 onto pool day=18 type=2
COMMIT req=219 type=2 delivery=18 pickup=21 chained_from=req106
BACKWARDS_EXTEND req=109 onto pool day=7 type=2
COMMIT req=109 type=2 delivery=7 pickup=8 chained_from=req217
BACKWARDS_EXTEND req=6 onto pool day=17 type=2
COMMIT req=6 type=2 delivery=17 pickup=19 chained_from=req340
BACKWARDS_EXTEND req=17 onto pool day=20 type=2
COMMIT req=17 type=2 delivery=20 pickup=22 chained_from=req184
BACKWARDS_EXTEND req=310 onto pool day=21 type=2
COMMIT req=310 type=2 delivery=21 pickup=23 chained_from=req31
BACKWARDS_EXTEND req=363 onto pool day=6 type=2
COMMIT req=363 type=2 delivery=6 pickup=7 chained_from=req37
BACKWARDS_EXTEND req=495 onto pool day=5 type=2
COMMIT req=495 type=2 delivery=5 pickup=6 chained_from=req342
BACKWARDS_EXTEND req=218 onto pool day=8 type=2
COMMIT req=218 type=2 delivery=8 pickup=10 chained_from=req41
BACKWARDS_EXTEND req=459 onto pool day=9 type=2
COMMIT req=459 type=2 delivery=9 pickup=12 chained_from=req89
BACKWARDS_EXTEND req=372 onto pool day=11 type=2
COMMIT req=372 type=2 delivery=11 pickup=14 chained_from=req214
BACKWARDS_EXTEND req=382 onto pool day=13 type=2
COMMIT req=382 type=2 delivery=13 pickup=14 chained_from=req148
BACKWARDS_EXTEND req=392 onto pool day=12 type=2
COMMIT req=392 type=2 delivery=12 pickup=13 chained_from=req364
BACKWARDS_EXTEND req=226 onto pool day=14 type=2
COMMIT req=226 type=2 delivery=14 pickup=15 chained_from=req10
BACKWARDS_EXTEND req=430 onto pool day=10 type=2
COMMIT req=430 type=2 delivery=10 pickup=12 chained_from=req33
BACKWARDS_EXTEND req=187 onto pool day=16 type=2
COMMIT req=187 type=2 delivery=16 pickup=17 chained_from=req23
BACKWARDS_EXTEND req=366 onto pool day=15 type=2
COMMIT req=366 type=2 delivery=15 pickup=16 chained_from=req105
BACKWARDS_EXTEND req=247 onto pool day=18 type=2
COMMIT req=247 type=2 delivery=18 pickup=20 chained_from=req106
BACKWARDS_EXTEND req=135 onto pool day=7 type=2
COMMIT req=135 type=2 delivery=7 pickup=10 chained_from=req217
BACKWARDS_EXTEND req=7 onto pool day=17 type=2
COMMIT req=7 type=2 delivery=17 pickup=19 chained_from=req340
BACKWARDS_EXTEND req=164 onto pool day=20 type=2
COMMIT req=164 type=2 delivery=20 pickup=22 chained_from=req184
BACKWARDS_EXTEND req=112 onto pool day=21 type=2
COMMIT req=112 type=2 delivery=21 pickup=23 chained_from=req31
BACKWARDS_EXTEND req=26 onto pool day=19 type=2
COMMIT req=26 type=2 delivery=19 pickup=22 chained_from=req6
BACKWARDS_EXTEND req=47 onto pool day=22 type=2
COMMIT req=47 type=2 delivery=22 pickup=23 chained_from=req17
BACKWARDS_EXTEND req=175 onto pool day=23 type=2
COMMIT req=175 type=2 delivery=23 pickup=25 chained_from=req310
BACKWARDS_EXTEND req=391 onto pool day=6 type=2
COMMIT req=391 type=2 delivery=6 pickup=8 chained_from=req37
BACKWARDS_EXTEND req=303 onto pool day=5 type=2
COMMIT req=303 type=2 delivery=5 pickup=7 chained_from=req342
BACKWARDS_EXTEND req=355 onto pool day=8 type=2
COMMIT req=355 type=2 delivery=8 pickup=11 chained_from=req41
BACKWARDS_EXTEND req=461 onto pool day=9 type=2
COMMIT req=461 type=2 delivery=9 pickup=11 chained_from=req89
BACKWARDS_EXTEND req=441 onto pool day=11 type=2
COMMIT req=441 type=2 delivery=11 pickup=14 chained_from=req214
BACKWARDS_EXTEND req=451 onto pool day=13 type=2
COMMIT req=451 type=2 delivery=13 pickup=16 chained_from=req148
BACKWARDS_EXTEND req=467 onto pool day=12 type=2
COMMIT req=467 type=2 delivery=12 pickup=14 chained_from=req364
BACKWARDS_EXTEND req=280 onto pool day=14 type=2
COMMIT req=280 type=2 delivery=14 pickup=16 chained_from=req10
BACKWARDS_EXTEND req=458 onto pool day=10 type=2
COMMIT req=458 type=2 delivery=10 pickup=11 chained_from=req33
BACKWARDS_EXTEND req=195 onto pool day=16 type=2
COMMIT req=195 type=2 delivery=16 pickup=17 chained_from=req23
BACKWARDS_EXTEND req=385 onto pool day=15 type=2
COMMIT req=385 type=2 delivery=15 pickup=17 chained_from=req105
BACKWARDS_EXTEND req=268 onto pool day=18 type=2
COMMIT req=268 type=2 delivery=18 pickup=21 chained_from=req106
BACKWARDS_EXTEND req=421 onto pool day=7 type=2
COMMIT req=421 type=2 delivery=7 pickup=8 chained_from=req217
BACKWARDS_EXTEND req=205 onto pool day=17 type=2
COMMIT req=205 type=2 delivery=17 pickup=20 chained_from=req340
BACKWARDS_EXTEND req=296 onto pool day=20 type=2
COMMIT req=296 type=2 delivery=20 pickup=23 chained_from=req184
BACKWARDS_EXTEND req=222 onto pool day=21 type=2
COMMIT req=222 type=2 delivery=21 pickup=22 chained_from=req31
BACKWARDS_EXTEND req=36 onto pool day=19 type=2
COMMIT req=36 type=2 delivery=19 pickup=21 chained_from=req6
BACKWARDS_EXTEND req=52 onto pool day=22 type=2
COMMIT req=52 type=2 delivery=22 pickup=23 chained_from=req17
BACKWARDS_EXTEND req=199 onto pool day=23 type=2
COMMIT req=199 type=2 delivery=23 pickup=24 chained_from=req310
BACKWARDS_EXTEND req=449 onto pool day=6 type=2
COMMIT req=449 type=2 delivery=6 pickup=8 chained_from=req37
BACKWARDS_EXTEND req=416 onto pool day=8 type=2
COMMIT req=416 type=2 delivery=8 pickup=11 chained_from=req41
BACKWARDS_EXTEND req=468 onto pool day=11 type=2
COMMIT req=468 type=2 delivery=11 pickup=13 chained_from=req214
BACKWARDS_EXTEND req=347 onto pool day=13 type=2
COMMIT req=347 type=2 delivery=13 pickup=15 chained_from=req148
BACKWARDS_EXTEND req=488 onto pool day=12 type=2
COMMIT req=488 type=2 delivery=12 pickup=13 chained_from=req364
BACKWARDS_EXTEND req=446 onto pool day=14 type=2
COMMIT req=446 type=2 delivery=14 pickup=17 chained_from=req10
BACKWARDS_EXTEND req=216 onto pool day=16 type=2
COMMIT req=216 type=2 delivery=16 pickup=19 chained_from=req23
BACKWARDS_EXTEND req=411 onto pool day=15 type=2
COMMIT req=411 type=2 delivery=15 pickup=17 chained_from=req105
BACKWARDS_EXTEND req=436 onto pool day=18 type=2
COMMIT req=436 type=2 delivery=18 pickup=21 chained_from=req106
BACKWARDS_EXTEND req=463 onto pool day=7 type=2
COMMIT req=463 type=2 delivery=7 pickup=10 chained_from=req217
BACKWARDS_EXTEND req=258 onto pool day=17 type=2
COMMIT req=258 type=2 delivery=17 pickup=20 chained_from=req340
BACKWARDS_EXTEND req=367 onto pool day=20 type=2
COMMIT req=367 type=2 delivery=20 pickup=22 chained_from=req184
BACKWARDS_EXTEND req=353 onto pool day=21 type=2
COMMIT req=353 type=2 delivery=21 pickup=23 chained_from=req31
BACKWARDS_EXTEND req=69 onto pool day=19 type=2
COMMIT req=69 type=2 delivery=19 pickup=21 chained_from=req6
BACKWARDS_EXTEND req=107 onto pool day=22 type=2
COMMIT req=107 type=2 delivery=22 pickup=24 chained_from=req17
BACKWARDS_EXTEND req=275 onto pool day=23 type=2
COMMIT req=275 type=2 delivery=23 pickup=25 chained_from=req310
BACKWARDS_EXTEND req=177 onto pool day=24 type=2
COMMIT req=177 type=2 delivery=24 pickup=25 chained_from=req199
BACKWARDS_EXTEND req=470 onto pool day=13 type=2
COMMIT req=470 type=2 delivery=13 pickup=15 chained_from=req148
BACKWARDS_EXTEND req=284 onto pool day=14 type=2
COMMIT req=284 type=2 delivery=14 pickup=17 chained_from=req10
BACKWARDS_EXTEND req=405 onto pool day=16 type=2
COMMIT req=405 type=2 delivery=16 pickup=17 chained_from=req23
BACKWARDS_EXTEND req=483 onto pool day=15 type=2
COMMIT req=483 type=2 delivery=15 pickup=16 chained_from=req105
BACKWARDS_EXTEND req=73 onto pool day=18 type=2
COMMIT req=73 type=2 delivery=18 pickup=21 chained_from=req106
BACKWARDS_EXTEND req=259 onto pool day=17 type=2
COMMIT req=259 type=2 delivery=17 pickup=20 chained_from=req340
BACKWARDS_EXTEND req=380 onto pool day=20 type=2
COMMIT req=380 type=2 delivery=20 pickup=23 chained_from=req184
BACKWARDS_EXTEND req=399 onto pool day=21 type=2
COMMIT req=399 type=2 delivery=21 pickup=22 chained_from=req31
BACKWARDS_EXTEND req=186 onto pool day=19 type=2
COMMIT req=186 type=2 delivery=19 pickup=20 chained_from=req6
BACKWARDS_EXTEND req=114 onto pool day=22 type=2
COMMIT req=114 type=2 delivery=22 pickup=23 chained_from=req17
BACKWARDS_EXTEND req=362 onto pool day=23 type=2
COMMIT req=362 type=2 delivery=23 pickup=25 chained_from=req310
BACKWARDS_EXTEND req=306 onto pool day=14 type=2
COMMIT req=306 type=2 delivery=14 pickup=17 chained_from=req10
BACKWARDS_EXTEND req=352 onto pool day=16 type=2
COMMIT req=352 type=2 delivery=16 pickup=17 chained_from=req23
BACKWARDS_EXTEND req=489 onto pool day=15 type=2
COMMIT req=489 type=2 delivery=15 pickup=18 chained_from=req105
BACKWARDS_EXTEND req=215 onto pool day=18 type=2
COMMIT req=215 type=2 delivery=18 pickup=21 chained_from=req106
BACKWARDS_EXTEND req=253 onto pool day=17 type=2
COMMIT req=253 type=2 delivery=17 pickup=18 chained_from=req340
BACKWARDS_EXTEND req=472 onto pool day=20 type=2
COMMIT req=472 type=2 delivery=20 pickup=23 chained_from=req184
BACKWARDS_EXTEND req=200 onto pool day=21 type=2
COMMIT req=200 type=2 delivery=21 pickup=22 chained_from=req31
BACKWARDS_EXTEND req=344 onto pool day=19 type=2
COMMIT req=344 type=2 delivery=19 pickup=22 chained_from=req6
BACKWARDS_EXTEND req=251 onto pool day=22 type=2
COMMIT req=251 type=2 delivery=22 pickup=25 chained_from=req17
BACKWARDS_EXTEND req=386 onto pool day=23 type=2
COMMIT req=386 type=2 delivery=23 pickup=25 chained_from=req310
BACKWARDS_EXTEND req=432 onto pool day=16 type=2
COMMIT req=432 type=2 delivery=16 pickup=18 chained_from=req23
BACKWARDS_EXTEND req=473 onto pool day=18 type=2
COMMIT req=473 type=2 delivery=18 pickup=21 chained_from=req106
BACKWARDS_EXTEND req=402 onto pool day=20 type=2
COMMIT req=402 type=2 delivery=20 pickup=21 chained_from=req184
BACKWARDS_EXTEND req=427 onto pool day=21 type=2
COMMIT req=427 type=2 delivery=21 pickup=24 chained_from=req31
BACKWARDS_EXTEND req=410 onto pool day=22 type=2
COMMIT req=410 type=2 delivery=22 pickup=23 chained_from=req17
FORWARD_CHAIN req=320 -> candidate=req153 chain_day=3
COMMIT req=320 type=2 delivery=1 pickup=3
COMMIT req=153 type=2 delivery=3 pickup=4 chained_from=req320
BACKWARDS_EXTEND req=300 onto pool day=4 type=2
COMMIT req=300 type=2 delivery=4 pickup=7 chained_from=req110
BACKWARDS_EXTEND req=406 onto pool day=3 type=2
COMMIT req=406 type=2 delivery=3 pickup=6 chained_from=req320
BACKWARDS_EXTEND req=337 onto pool day=4 type=2
COMMIT req=337 type=2 delivery=4 pickup=5 chained_from=req110
BACKWARDS_EXTEND req=379 onto pool day=3 type=2
COMMIT req=379 type=2 delivery=3 pickup=4 chained_from=req320
BACKWARDS_EXTEND req=197 onto pool day=4 type=2
COMMIT req=197 type=2 delivery=4 pickup=6 chained_from=req110
BACKWARDS_EXTEND req=260 onto pool day=4 type=2
COMMIT req=260 type=2 delivery=4 pickup=5 chained_from=req110
BACKWARDS_EXTEND req=273 onto pool day=4 type=2
COMMIT req=273 type=2 delivery=4 pickup=7 chained_from=req110
BACKWARDS_EXTEND req=439 onto pool day=4 type=2
COMMIT req=439 type=2 delivery=4 pickup=6 chained_from=req110
FORWARD_CHAIN req=452 -> candidate=req469 chain_day=2
COMMIT req=452 type=2 delivery=1 pickup=2
COMMIT req=469 type=2 delivery=2 pickup=5 chained_from=req452
BACKWARDS_EXTEND req=78 onto pool day=2 type=2
COMMIT req=78 type=2 delivery=2 pickup=3 chained_from=req452
BACKWARDS_EXTEND req=315 onto pool day=3 type=2
COMMIT req=315 type=2 delivery=3 pickup=6 chained_from=req320
FORWARD_CHAIN req=74 -> candidate=req130 chain_day=3
COMMIT req=74 type=3 delivery=2 pickup=3
COMMIT req=130 type=3 delivery=3 pickup=5 chained_from=req74
BACKWARDS_EXTEND req=132 onto pool day=3 type=3
COMMIT req=132 type=3 delivery=3 pickup=5 chained_from=req74
BACKWARDS_EXTEND req=35 onto pool day=5 type=3
COMMIT req=35 type=3 delivery=5 pickup=7 chained_from=req130
BACKWARDS_EXTEND req=254 onto pool day=3 type=3
COMMIT req=254 type=3 delivery=3 pickup=6 chained_from=req74
BACKWARDS_EXTEND req=42 onto pool day=5 type=3
COMMIT req=42 type=3 delivery=5 pickup=6 chained_from=req130
BACKWARDS_EXTEND req=169 onto pool day=7 type=3
COMMIT req=169 type=3 delivery=7 pickup=10 chained_from=req35
BACKWARDS_EXTEND req=16 onto pool day=3 type=3
COMMIT req=16 type=3 delivery=3 pickup=5 chained_from=req74
BACKWARDS_EXTEND req=66 onto pool day=5 type=3
COMMIT req=66 type=3 delivery=5 pickup=7 chained_from=req130
BACKWARDS_EXTEND req=182 onto pool day=7 type=3
COMMIT req=182 type=3 delivery=7 pickup=9 chained_from=req35
BACKWARDS_EXTEND req=44 onto pool day=6 type=3
COMMIT req=44 type=3 delivery=6 pickup=9 chained_from=req254
BACKWARDS_EXTEND req=263 onto pool day=10 type=3
COMMIT req=263 type=3 delivery=10 pickup=12 chained_from=req169
BACKWARDS_EXTEND req=103 onto pool day=3 type=3
COMMIT req=103 type=3 delivery=3 pickup=5 chained_from=req74
BACKWARDS_EXTEND req=196 onto pool day=5 type=3
COMMIT req=196 type=3 delivery=5 pickup=8 chained_from=req130
BACKWARDS_EXTEND req=88 onto pool day=7 type=3
COMMIT req=88 type=3 delivery=7 pickup=8 chained_from=req35
BACKWARDS_EXTEND req=57 onto pool day=6 type=3
COMMIT req=57 type=3 delivery=6 pickup=9 chained_from=req254
BACKWARDS_EXTEND req=475 onto pool day=10 type=3
COMMIT req=475 type=3 delivery=10 pickup=13 chained_from=req169
BACKWARDS_EXTEND req=56 onto pool day=9 type=3
COMMIT req=56 type=3 delivery=9 pickup=10 chained_from=req182
BACKWARDS_EXTEND req=12 onto pool day=12 type=3
COMMIT req=12 type=3 delivery=12 pickup=14 chained_from=req263
BACKWARDS_EXTEND req=189 onto pool day=3 type=3
COMMIT req=189 type=3 delivery=3 pickup=6 chained_from=req74
BACKWARDS_EXTEND req=201 onto pool day=5 type=3
COMMIT req=201 type=3 delivery=5 pickup=8 chained_from=req130
BACKWARDS_EXTEND req=220 onto pool day=7 type=3
COMMIT req=220 type=3 delivery=7 pickup=9 chained_from=req35
BACKWARDS_EXTEND req=65 onto pool day=6 type=3
COMMIT req=65 type=3 delivery=6 pickup=8 chained_from=req254
BACKWARDS_EXTEND req=21 onto pool day=10 type=3
COMMIT req=21 type=3 delivery=10 pickup=11 chained_from=req169
BACKWARDS_EXTEND req=60 onto pool day=9 type=3
COMMIT req=60 type=3 delivery=9 pickup=12 chained_from=req182
BACKWARDS_EXTEND req=62 onto pool day=12 type=3
COMMIT req=62 type=3 delivery=12 pickup=14 chained_from=req263
BACKWARDS_EXTEND req=9 onto pool day=8 type=3
COMMIT req=9 type=3 delivery=8 pickup=10 chained_from=req196
BACKWARDS_EXTEND req=241 onto pool day=13 type=3
COMMIT req=241 type=3 delivery=13 pickup=14 chained_from=req475
BACKWARDS_EXTEND req=39 onto pool day=14 type=3
COMMIT req=39 type=3 delivery=14 pickup=15 chained_from=req12
BACKWARDS_EXTEND req=283 onto pool day=3 type=3
COMMIT req=283 type=3 delivery=3 pickup=4 chained_from=req74
BACKWARDS_EXTEND req=373 onto pool day=5 type=3
COMMIT req=373 type=3 delivery=5 pickup=7 chained_from=req130
BACKWARDS_EXTEND req=325 onto pool day=7 type=3
COMMIT req=325 type=3 delivery=7 pickup=10 chained_from=req35
BACKWARDS_EXTEND req=71 onto pool day=6 type=3
COMMIT req=71 type=3 delivery=6 pickup=9 chained_from=req254
BACKWARDS_EXTEND req=111 onto pool day=10 type=3
COMMIT req=111 type=3 delivery=10 pickup=13 chained_from=req169
BACKWARDS_EXTEND req=61 onto pool day=9 type=3
COMMIT req=61 type=3 delivery=9 pickup=11 chained_from=req182
BACKWARDS_EXTEND req=113 onto pool day=12 type=3
COMMIT req=113 type=3 delivery=12 pickup=15 chained_from=req263
BACKWARDS_EXTEND req=209 onto pool day=8 type=3
COMMIT req=209 type=3 delivery=8 pickup=11 chained_from=req196
BACKWARDS_EXTEND req=261 onto pool day=13 type=3
COMMIT req=261 type=3 delivery=13 pickup=16 chained_from=req475
BACKWARDS_EXTEND req=70 onto pool day=14 type=3
COMMIT req=70 type=3 delivery=14 pickup=17 chained_from=req12
BACKWARDS_EXTEND req=122 onto pool day=11 type=3
COMMIT req=122 type=3 delivery=11 pickup=12 chained_from=req21
BACKWARDS_EXTEND req=40 onto pool day=15 type=3
COMMIT req=40 type=3 delivery=15 pickup=16 chained_from=req39
BACKWARDS_EXTEND req=460 onto pool day=3 type=3
COMMIT req=460 type=3 delivery=3 pickup=6 chained_from=req74
BACKWARDS_EXTEND req=433 onto pool day=5 type=3
COMMIT req=433 type=3 delivery=5 pickup=7 chained_from=req130
BACKWARDS_EXTEND req=477 onto pool day=7 type=3
COMMIT req=477 type=3 delivery=7 pickup=10 chained_from=req35
BACKWARDS_EXTEND req=76 onto pool day=6 type=3
COMMIT req=76 type=3 delivery=6 pickup=8 chained_from=req254
BACKWARDS_EXTEND req=245 onto pool day=10 type=3
COMMIT req=245 type=3 delivery=10 pickup=13 chained_from=req169
BACKWARDS_EXTEND req=81 onto pool day=9 type=3
COMMIT req=81 type=3 delivery=9 pickup=10 chained_from=req182
BACKWARDS_EXTEND req=151 onto pool day=12 type=3
COMMIT req=151 type=3 delivery=12 pickup=13 chained_from=req263
BACKWARDS_EXTEND req=229 onto pool day=8 type=3
COMMIT req=229 type=3 delivery=8 pickup=10 chained_from=req196
BACKWARDS_EXTEND req=136 onto pool day=13 type=3
COMMIT req=136 type=3 delivery=13 pickup=14 chained_from=req475
BACKWARDS_EXTEND req=178 onto pool day=14 type=3
COMMIT req=178 type=3 delivery=14 pickup=15 chained_from=req12
BACKWARDS_EXTEND req=138 onto pool day=11 type=3
COMMIT req=138 type=3 delivery=11 pickup=13 chained_from=req21
BACKWARDS_EXTEND req=336 onto pool day=15 type=3
COMMIT req=336 type=3 delivery=15 pickup=17 chained_from=req39
BACKWARDS_EXTEND req=443 onto pool day=4 type=3
COMMIT req=443 type=3 delivery=4 pickup=5 chained_from=req283
BACKWARDS_EXTEND req=98 onto pool day=16 type=3
COMMIT req=98 type=3 delivery=16 pickup=18 chained_from=req261
BACKWARDS_EXTEND req=170 onto pool day=17 type=3
COMMIT req=170 type=3 delivery=17 pickup=19 chained_from=req70
BACKWARDS_EXTEND req=282 onto pool day=3 type=3
COMMIT req=282 type=3 delivery=3 pickup=5 chained_from=req74
BACKWARDS_EXTEND req=104 onto pool day=5 type=3
COMMIT req=104 type=3 delivery=5 pickup=6 chained_from=req130
BACKWARDS_EXTEND req=267 onto pool day=7 type=3
COMMIT req=267 type=3 delivery=7 pickup=8 chained_from=req35
BACKWARDS_EXTEND req=206 onto pool day=6 type=3
COMMIT req=206 type=3 delivery=6 pickup=9 chained_from=req254
BACKWARDS_EXTEND req=499 onto pool day=10 type=3
COMMIT req=499 type=3 delivery=10 pickup=13 chained_from=req169
BACKWARDS_EXTEND req=181 onto pool day=9 type=3
COMMIT req=181 type=3 delivery=9 pickup=11 chained_from=req182
BACKWARDS_EXTEND req=168 onto pool day=12 type=3
COMMIT req=168 type=3 delivery=12 pickup=13 chained_from=req263
BACKWARDS_EXTEND req=278 onto pool day=8 type=3
COMMIT req=278 type=3 delivery=8 pickup=11 chained_from=req196
BACKWARDS_EXTEND req=297 onto pool day=13 type=3
COMMIT req=297 type=3 delivery=13 pickup=16 chained_from=req475
BACKWARDS_EXTEND req=294 onto pool day=14 type=3
COMMIT req=294 type=3 delivery=14 pickup=17 chained_from=req12
BACKWARDS_EXTEND req=156 onto pool day=11 type=3
COMMIT req=156 type=3 delivery=11 pickup=14 chained_from=req21
BACKWARDS_EXTEND req=8 onto pool day=15 type=3
COMMIT req=8 type=3 delivery=15 pickup=18 chained_from=req39
BACKWARDS_EXTEND req=339 onto pool day=4 type=3
COMMIT req=339 type=3 delivery=4 pickup=7 chained_from=req283
BACKWARDS_EXTEND req=117 onto pool day=16 type=3
COMMIT req=117 type=3 delivery=16 pickup=19 chained_from=req261
BACKWARDS_EXTEND req=212 onto pool day=17 type=3
COMMIT req=212 type=3 delivery=17 pickup=19 chained_from=req70
BACKWARDS_EXTEND req=341 onto pool day=18 type=3
COMMIT req=341 type=3 delivery=18 pickup=20 chained_from=req98
BACKWARDS_EXTEND req=14 onto pool day=19 type=3
COMMIT req=14 type=3 delivery=19 pickup=20 chained_from=req170
BACKWARDS_EXTEND req=235 onto pool day=5 type=3
COMMIT req=235 type=3 delivery=5 pickup=7 chained_from=req130
BACKWARDS_EXTEND req=288 onto pool day=7 type=3
COMMIT req=288 type=3 delivery=7 pickup=9 chained_from=req35
BACKWARDS_EXTEND req=276 onto pool day=6 type=3
COMMIT req=276 type=3 delivery=6 pickup=7 chained_from=req254
BACKWARDS_EXTEND req=180 onto pool day=10 type=3
COMMIT req=180 type=3 delivery=10 pickup=13 chained_from=req169
BACKWARDS_EXTEND req=202 onto pool day=9 type=3
COMMIT req=202 type=3 delivery=9 pickup=10 chained_from=req182
BACKWARDS_EXTEND req=203 onto pool day=12 type=3
COMMIT req=203 type=3 delivery=12 pickup=15 chained_from=req263
BACKWARDS_EXTEND req=321 onto pool day=8 type=3
COMMIT req=321 type=3 delivery=8 pickup=10 chained_from=req196
BACKWARDS_EXTEND req=299 onto pool day=13 type=3
COMMIT req=299 type=3 delivery=13 pickup=15 chained_from=req475
BACKWARDS_EXTEND req=307 onto pool day=14 type=3
COMMIT req=307 type=3 delivery=14 pickup=15 chained_from=req12
BACKWARDS_EXTEND req=210 onto pool day=11 type=3
COMMIT req=210 type=3 delivery=11 pickup=13 chained_from=req21
BACKWARDS_EXTEND req=137 onto pool day=15 type=3
COMMIT req=137 type=3 delivery=15 pickup=16 chained_from=req39
BACKWARDS_EXTEND req=361 onto pool day=4 type=3
COMMIT req=361 type=3 delivery=4 pickup=6 chained_from=req283
BACKWARDS_EXTEND req=266 onto pool day=16 type=3
COMMIT req=266 type=3 delivery=16 pickup=18 chained_from=req261
BACKWARDS_EXTEND req=238 onto pool day=17 type=3
COMMIT req=238 type=3 delivery=17 pickup=19 chained_from=req70
BACKWARDS_EXTEND req=72 onto pool day=18 type=3
COMMIT req=72 type=3 delivery=18 pickup=20 chained_from=req98
BACKWARDS_EXTEND req=48 onto pool day=19 type=3
COMMIT req=48 type=3 delivery=19 pickup=20 chained_from=req170
BACKWARDS_EXTEND req=127 onto pool day=20 type=3
COMMIT req=127 type=3 delivery=20 pickup=22 chained_from=req341
BACKWARDS_EXTEND req=476 onto pool day=5 type=3
COMMIT req=476 type=3 delivery=5 pickup=6 chained_from=req130
BACKWARDS_EXTEND req=442 onto pool day=7 type=3
COMMIT req=442 type=3 delivery=7 pickup=9 chained_from=req35
BACKWARDS_EXTEND req=480 onto pool day=6 type=3
COMMIT req=480 type=3 delivery=6 pickup=8 chained_from=req254
BACKWARDS_EXTEND req=272 onto pool day=10 type=3
COMMIT req=272 type=3 delivery=10 pickup=11 chained_from=req169
BACKWARDS_EXTEND req=262 onto pool day=9 type=3
COMMIT req=262 type=3 delivery=9 pickup=12 chained_from=req182
BACKWARDS_EXTEND req=335 onto pool day=12 type=3
COMMIT req=335 type=3 delivery=12 pickup=14 chained_from=req263
BACKWARDS_EXTEND req=285 onto pool day=8 type=3
COMMIT req=285 type=3 delivery=8 pickup=11 chained_from=req196
BACKWARDS_EXTEND req=317 onto pool day=13 type=3
COMMIT req=317 type=3 delivery=13 pickup=16 chained_from=req475
BACKWARDS_EXTEND req=387 onto pool day=14 type=3
COMMIT req=387 type=3 delivery=14 pickup=16 chained_from=req12
BACKWARDS_EXTEND req=327 onto pool day=11 type=3
COMMIT req=327 type=3 delivery=11 pickup=12 chained_from=req21
BACKWARDS_EXTEND req=401 onto pool day=15 type=3
COMMIT req=401 type=3 delivery=15 pickup=16 chained_from=req39
BACKWARDS_EXTEND req=274 onto pool day=16 type=3
COMMIT req=274 type=3 delivery=16 pickup=18 chained_from=req261
BACKWARDS_EXTEND req=302 onto pool day=17 type=3
COMMIT req=302 type=3 delivery=17 pickup=18 chained_from=req70
BACKWARDS_EXTEND req=129 onto pool day=18 type=3
COMMIT req=129 type=3 delivery=18 pickup=19 chained_from=req98
BACKWARDS_EXTEND req=193 onto pool day=19 type=3
COMMIT req=193 type=3 delivery=19 pickup=22 chained_from=req170
BACKWARDS_EXTEND req=20 onto pool day=20 type=3
COMMIT req=20 type=3 delivery=20 pickup=21 chained_from=req341
BACKWARDS_EXTEND req=4 onto pool day=22 type=3
COMMIT req=4 type=3 delivery=22 pickup=23 chained_from=req127
BACKWARDS_EXTEND req=368 onto pool day=7 type=3
COMMIT req=368 type=3 delivery=7 pickup=8 chained_from=req35
BACKWARDS_EXTEND req=381 onto pool day=6 type=3
COMMIT req=381 type=3 delivery=6 pickup=9 chained_from=req254
BACKWARDS_EXTEND req=365 onto pool day=10 type=3
COMMIT req=365 type=3 delivery=10 pickup=12 chained_from=req169
BACKWARDS_EXTEND req=308 onto pool day=9 type=3
COMMIT req=308 type=3 delivery=9 pickup=11 chained_from=req182
BACKWARDS_EXTEND req=345 onto pool day=12 type=3
COMMIT req=345 type=3 delivery=12 pickup=13 chained_from=req263
BACKWARDS_EXTEND req=415 onto pool day=8 type=3
COMMIT req=415 type=3 delivery=8 pickup=10 chained_from=req196
BACKWARDS_EXTEND req=400 onto pool day=13 type=3
COMMIT req=400 type=3 delivery=13 pickup=16 chained_from=req475
BACKWARDS_EXTEND req=478 onto pool day=14 type=3
COMMIT req=478 type=3 delivery=14 pickup=17 chained_from=req12
BACKWARDS_EXTEND req=408 onto pool day=11 type=3
COMMIT req=408 type=3 delivery=11 pickup=12 chained_from=req21
BACKWARDS_EXTEND req=371 onto pool day=15 type=3
COMMIT req=371 type=3 delivery=15 pickup=16 chained_from=req39
BACKWARDS_EXTEND req=431 onto pool day=16 type=3
COMMIT req=431 type=3 delivery=16 pickup=18 chained_from=req261
BACKWARDS_EXTEND req=398 onto pool day=17 type=3
COMMIT req=398 type=3 delivery=17 pickup=18 chained_from=req70
BACKWARDS_EXTEND req=230 onto pool day=18 type=3
COMMIT req=230 type=3 delivery=18 pickup=20 chained_from=req98
BACKWARDS_EXTEND req=270 onto pool day=19 type=3
COMMIT req=270 type=3 delivery=19 pickup=20 chained_from=req170
BACKWARDS_EXTEND req=68 onto pool day=20 type=3
COMMIT req=68 type=3 delivery=20 pickup=23 chained_from=req341
BACKWARDS_EXTEND req=79 onto pool day=22 type=3
COMMIT req=79 type=3 delivery=22 pickup=25 chained_from=req127
BACKWARDS_EXTEND req=149 onto pool day=21 type=3
COMMIT req=149 type=3 delivery=21 pickup=24 chained_from=req20
BACKWARDS_EXTEND req=231 onto pool day=23 type=3
COMMIT req=231 type=3 delivery=23 pickup=25 chained_from=req4
BACKWARDS_EXTEND req=462 onto pool day=10 type=3
COMMIT req=462 type=3 delivery=10 pickup=11 chained_from=req169
BACKWARDS_EXTEND req=370 onto pool day=12 type=3
COMMIT req=370 type=3 delivery=12 pickup=14 chained_from=req263
BACKWARDS_EXTEND req=434 onto pool day=13 type=3
COMMIT req=434 type=3 delivery=13 pickup=15 chained_from=req475
BACKWARDS_EXTEND req=492 onto pool day=14 type=3
COMMIT req=492 type=3 delivery=14 pickup=17 chained_from=req12
BACKWARDS_EXTEND req=383 onto pool day=11 type=3
COMMIT req=383 type=3 delivery=11 pickup=12 chained_from=req21
BACKWARDS_EXTEND req=447 onto pool day=15 type=3
COMMIT req=447 type=3 delivery=15 pickup=16 chained_from=req39
BACKWARDS_EXTEND req=496 onto pool day=16 type=3
COMMIT req=496 type=3 delivery=16 pickup=17 chained_from=req261
BACKWARDS_EXTEND req=426 onto pool day=17 type=3
COMMIT req=426 type=3 delivery=17 pickup=18 chained_from=req70
BACKWARDS_EXTEND req=356 onto pool day=18 type=3
COMMIT req=356 type=3 delivery=18 pickup=21 chained_from=req98
BACKWARDS_EXTEND req=471 onto pool day=19 type=3
COMMIT req=471 type=3 delivery=19 pickup=22 chained_from=req170
BACKWARDS_EXTEND req=96 onto pool day=20 type=3
COMMIT req=96 type=3 delivery=20 pickup=22 chained_from=req341
BACKWARDS_EXTEND req=101 onto pool day=22 type=3
COMMIT req=101 type=3 delivery=22 pickup=24 chained_from=req127
BACKWARDS_EXTEND req=192 onto pool day=21 type=3
COMMIT req=192 type=3 delivery=21 pickup=23 chained_from=req20
BACKWARDS_EXTEND req=22 onto pool day=23 type=3
COMMIT req=22 type=3 delivery=23 pickup=25 chained_from=req4
BACKWARDS_EXTEND req=123 onto pool day=24 type=3
COMMIT req=123 type=3 delivery=24 pickup=25 chained_from=req149
BACKWARDS_EXTEND req=445 onto pool day=15 type=3
COMMIT req=445 type=3 delivery=15 pickup=16 chained_from=req39
BACKWARDS_EXTEND req=378 onto pool day=16 type=3
COMMIT req=378 type=3 delivery=16 pickup=19 chained_from=req261
BACKWARDS_EXTEND req=484 onto pool day=17 type=3
COMMIT req=484 type=3 delivery=17 pickup=19 chained_from=req70
BACKWARDS_EXTEND req=491 onto pool day=18 type=3
COMMIT req=491 type=3 delivery=18 pickup=19 chained_from=req98
BACKWARDS_EXTEND req=485 onto pool day=19 type=3
COMMIT req=485 type=3 delivery=19 pickup=22 chained_from=req170
BACKWARDS_EXTEND req=243 onto pool day=20 type=3
COMMIT req=243 type=3 delivery=20 pickup=21 chained_from=req341
BACKWARDS_EXTEND req=163 onto pool day=22 type=3
COMMIT req=163 type=3 delivery=22 pickup=24 chained_from=req127
BACKWARDS_EXTEND req=232 onto pool day=21 type=3
COMMIT req=232 type=3 delivery=21 pickup=23 chained_from=req20
BACKWARDS_EXTEND req=239 onto pool day=23 type=3
COMMIT req=239 type=3 delivery=23 pickup=25 chained_from=req4
BACKWARDS_EXTEND req=420 onto pool day=24 type=3
COMMIT req=420 type=3 delivery=24 pickup=25 chained_from=req149
BACKWARDS_EXTEND req=265 onto pool day=17 type=3
COMMIT req=265 type=3 delivery=17 pickup=20 chained_from=req70
BACKWARDS_EXTEND req=312 onto pool day=18 type=3
COMMIT req=312 type=3 delivery=18 pickup=21 chained_from=req98
BACKWARDS_EXTEND req=255 onto pool day=19 type=3
COMMIT req=255 type=3 delivery=19 pickup=21 chained_from=req170
BACKWARDS_EXTEND req=290 onto pool day=20 type=3
COMMIT req=290 type=3 delivery=20 pickup=23 chained_from=req341
BACKWARDS_EXTEND req=236 onto pool day=22 type=3
COMMIT req=236 type=3 delivery=22 pickup=24 chained_from=req127
BACKWARDS_EXTEND req=369 onto pool day=21 type=3
COMMIT req=369 type=3 delivery=21 pickup=22 chained_from=req20
BACKWARDS_EXTEND req=271 onto pool day=23 type=3
COMMIT req=271 type=3 delivery=23 pickup=24 chained_from=req4
BACKWARDS_EXTEND req=424 onto pool day=18 type=3
COMMIT req=424 type=3 delivery=18 pickup=19 chained_from=req98
BACKWARDS_EXTEND req=418 onto pool day=19 type=3
COMMIT req=418 type=3 delivery=19 pickup=21 chained_from=req170
BACKWARDS_EXTEND req=440 onto pool day=20 type=3
COMMIT req=440 type=3 delivery=20 pickup=23 chained_from=req341
BACKWARDS_EXTEND req=295 onto pool day=22 type=3
COMMIT req=295 type=3 delivery=22 pickup=25 chained_from=req127
BACKWARDS_EXTEND req=376 onto pool day=21 type=3
COMMIT req=376 type=3 delivery=21 pickup=22 chained_from=req20
BACKWARDS_EXTEND req=357 onto pool day=23 type=3
COMMIT req=357 type=3 delivery=23 pickup=25 chained_from=req4
BACKWARDS_EXTEND req=412 onto pool day=19 type=3
COMMIT req=412 type=3 delivery=19 pickup=21 chained_from=req170
BACKWARDS_EXTEND req=395 onto pool day=20 type=3
COMMIT req=395 type=3 delivery=20 pickup=23 chained_from=req341
UNCOMMIT req=32 type=1 delivery=1 pickup=3
COMMIT req=32 type=1 delivery=1 pickup=3
UNCOMMIT req=82 type=1 delivery=1 pickup=3
COMMIT req=82 type=1 delivery=1 pickup=3
UNCOMMIT req=161 type=1 delivery=1 pickup=2
COMMIT req=161 type=1 delivery=1 pickup=2
UNCOMMIT req=225 type=1 delivery=1 pickup=3
COMMIT req=225 type=1 delivery=1 pickup=3
UNCOMMIT req=110 type=2 delivery=1 pickup=4
COMMIT req=110 type=2 delivery=1 pickup=4
UNCOMMIT req=320 type=2 delivery=1 pickup=3
COMMIT req=320 type=2 delivery=1 pickup=3
UNCOMMIT req=452 type=2 delivery=1 pickup=2
COMMIT req=452 type=2 delivery=1 pickup=2
UNCOMMIT req=74 type=3 delivery=2 pickup=3
COMMIT req=74 type=3 delivery=2 pickup=3
